mode: set
fr.esgi/ha-audit/api/v1beta1/haaudit_types.go:62.51,63.23 1 0
fr.esgi/ha-audit/api/v1beta1/haaudit_types.go:66.2,66.16 1 0
fr.esgi/ha-audit/api/v1beta1/haaudit_types.go:73.2,73.26 1 0
fr.esgi/ha-audit/api/v1beta1/haaudit_types.go:76.2,76.51 1 0
fr.esgi/ha-audit/api/v1beta1/haaudit_types.go:79.2,79.11 1 0
fr.esgi/ha-audit/api/v1beta1/haaudit_types.go:63.23,65.3 1 0
fr.esgi/ha-audit/api/v1beta1/haaudit_types.go:66.16,68.17 2 0
fr.esgi/ha-audit/api/v1beta1/haaudit_types.go:71.3,71.21 1 0
fr.esgi/ha-audit/api/v1beta1/haaudit_types.go:68.17,70.4 1 0
fr.esgi/ha-audit/api/v1beta1/haaudit_types.go:73.26,75.3 1 0
fr.esgi/ha-audit/api/v1beta1/haaudit_types.go:76.51,78.3 1 0
fr.esgi/ha-audit/api/v1beta1/haaudit_types.go:141.13,143.2 1 1
fr.esgi/ha-audit/api/v1beta1/haaudit_webhook.go:30.67,34.2 1 0
fr.esgi/ha-audit/api/v1beta1/haaudit_webhook.go:43.29,46.40 3 0
fr.esgi/ha-audit/api/v1beta1/haaudit_webhook.go:49.2,50.32 2 0
fr.esgi/ha-audit/api/v1beta1/haaudit_webhook.go:46.40,48.3 1 0
fr.esgi/ha-audit/api/v1beta1/haaudit_webhook.go:59.42,62.2 2 0
fr.esgi/ha-audit/api/v1beta1/haaudit_webhook.go:65.60,69.2 2 0
fr.esgi/ha-audit/api/v1beta1/haaudit_webhook.go:72.42,75.2 2 0
fr.esgi/ha-audit/api/v1beta1/haaudit_webhook.go:77.40,78.55 1 0
fr.esgi/ha-audit/api/v1beta1/haaudit_webhook.go:81.2,81.40 1 0
fr.esgi/ha-audit/api/v1beta1/haaudit_webhook.go:89.2,89.12 1 0
fr.esgi/ha-audit/api/v1beta1/haaudit_webhook.go:78.55,80.3 1 0
fr.esgi/ha-audit/api/v1beta1/haaudit_webhook.go:81.40,82.76 1 0
fr.esgi/ha-audit/api/v1beta1/haaudit_webhook.go:85.3,85.29 1 0
fr.esgi/ha-audit/api/v1beta1/haaudit_webhook.go:82.76,84.4 1 0
fr.esgi/ha-audit/api/v1beta1/haaudit_webhook.go:85.29,87.4 1 0
fr.esgi/ha-audit/api/v1beta1/report_types.go:42.72,44.77 2 0
fr.esgi/ha-audit/api/v1beta1/report_types.go:47.2,47.81 1 0
fr.esgi/ha-audit/api/v1beta1/report_types.go:50.2,50.16 1 0
fr.esgi/ha-audit/api/v1beta1/report_types.go:44.77,46.3 1 0
fr.esgi/ha-audit/api/v1beta1/report_types.go:47.81,49.3 1 0
fr.esgi/ha-audit/api/v1beta1/report_types.go:53.81,66.2 1 0
fr.esgi/ha-audit/api/v1beta1/report_types.go:68.85,78.2 1 0
fr.esgi/ha-audit/api/v1beta1/zz_generated.deepcopy.go:29.59,31.2 1 0
fr.esgi/ha-audit/api/v1beta1/zz_generated.deepcopy.go:34.52,35.15 1 0
fr.esgi/ha-audit/api/v1beta1/zz_generated.deepcopy.go:38.2,40.12 3 0
fr.esgi/ha-audit/api/v1beta1/zz_generated.deepcopy.go:35.15,37.3 1 0
fr.esgi/ha-audit/api/v1beta1/zz_generated.deepcopy.go:44.59,46.32 2 0
fr.esgi/ha-audit/api/v1beta1/zz_generated.deepcopy.go:46.32,50.3 3 0
fr.esgi/ha-audit/api/v1beta1/zz_generated.deepcopy.go:54.52,55.15 1 0
fr.esgi/ha-audit/api/v1beta1/zz_generated.deepcopy.go:58.2,60.12 3 0
fr.esgi/ha-audit/api/v1beta1/zz_generated.deepcopy.go:55.15,57.3 1 0
fr.esgi/ha-audit/api/v1beta1/zz_generated.deepcopy.go:64.47,70.2 5 0
fr.esgi/ha-audit/api/v1beta1/zz_generated.deepcopy.go:73.40,74.15 1 0
fr.esgi/ha-audit/api/v1beta1/zz_generated.deepcopy.go:77.2,79.12 3 0
fr.esgi/ha-audit/api/v1beta1/zz_generated.deepcopy.go:74.15,76.3 1 0
fr.esgi/ha-audit/api/v1beta1/zz_generated.deepcopy.go:83.52,84.34 1 0
fr.esgi/ha-audit/api/v1beta1/zz_generated.deepcopy.go:87.2,87.12 1 0
fr.esgi/ha-audit/api/v1beta1/zz_generated.deepcopy.go:84.34,86.3 1 0
fr.esgi/ha-audit/api/v1beta1/zz_generated.deepcopy.go:91.55,95.21 4 0
fr.esgi/ha-audit/api/v1beta1/zz_generated.deepcopy.go:95.21,98.22 3 0
fr.esgi/ha-audit/api/v1beta1/zz_generated.deepcopy.go:98.22,100.4 1 0
fr.esgi/ha-audit/api/v1beta1/zz_generated.deepcopy.go:105.48,106.15 1 0
fr.esgi/ha-audit/api/v1beta1/zz_generated.deepcopy.go:109.2,111.12 3 0
fr.esgi/ha-audit/api/v1beta1/zz_generated.deepcopy.go:106.15,108.3 1 0
fr.esgi/ha-audit/api/v1beta1/zz_generated.deepcopy.go:115.56,116.34 1 0
fr.esgi/ha-audit/api/v1beta1/zz_generated.deepcopy.go:119.2,119.12 1 0
fr.esgi/ha-audit/api/v1beta1/zz_generated.deepcopy.go:116.34,118.3 1 0
fr.esgi/ha-audit/api/v1beta1/zz_generated.deepcopy.go:123.55,125.23 2 0
fr.esgi/ha-audit/api/v1beta1/zz_generated.deepcopy.go:132.2,133.24 2 0
fr.esgi/ha-audit/api/v1beta1/zz_generated.deepcopy.go:125.23,128.22 3 0
fr.esgi/ha-audit/api/v1beta1/zz_generated.deepcopy.go:128.22,130.4 1 0
fr.esgi/ha-audit/api/v1beta1/zz_generated.deepcopy.go:137.48,138.15 1 0
fr.esgi/ha-audit/api/v1beta1/zz_generated.deepcopy.go:141.2,143.12 3 0
fr.esgi/ha-audit/api/v1beta1/zz_generated.deepcopy.go:138.15,140.3 1 0
fr.esgi/ha-audit/api/v1beta1/zz_generated.deepcopy.go:147.59,153.2 5 0
fr.esgi/ha-audit/api/v1beta1/zz_generated.deepcopy.go:156.52,157.15 1 0
fr.esgi/ha-audit/api/v1beta1/zz_generated.deepcopy.go:160.2,162.12 3 0
fr.esgi/ha-audit/api/v1beta1/zz_generated.deepcopy.go:157.15,159.3 1 0
fr.esgi/ha-audit/api/v1beta1/zz_generated.deepcopy.go:166.49,169.2 2 0
fr.esgi/ha-audit/api/v1beta1/zz_generated.deepcopy.go:172.42,173.15 1 0
fr.esgi/ha-audit/api/v1beta1/zz_generated.deepcopy.go:176.2,178.12 3 0
fr.esgi/ha-audit/api/v1beta1/zz_generated.deepcopy.go:173.15,175.3 1 0
fr.esgi/ha-audit/api/v1beta1/zz_generated.deepcopy.go:182.57,184.2 1 0
fr.esgi/ha-audit/api/v1beta1/zz_generated.deepcopy.go:187.50,188.15 1 0
fr.esgi/ha-audit/api/v1beta1/zz_generated.deepcopy.go:191.2,193.12 3 0
fr.esgi/ha-audit/api/v1beta1/zz_generated.deepcopy.go:188.15,190.3 1 0
fr.esgi/ha-audit/api/v1beta1/zz_generated.deepcopy.go:197.61,199.2 1 0
fr.esgi/ha-audit/api/v1beta1/zz_generated.deepcopy.go:202.54,203.15 1 0
fr.esgi/ha-audit/api/v1beta1/zz_generated.deepcopy.go:206.2,208.12 3 0
fr.esgi/ha-audit/api/v1beta1/zz_generated.deepcopy.go:203.15,205.3 1 0
fr.esgi/ha-audit/api/v1beta1/zz_generated.deepcopy.go:212.65,214.2 1 0
fr.esgi/ha-audit/api/v1beta1/zz_generated.deepcopy.go:217.58,218.15 1 0
fr.esgi/ha-audit/api/v1beta1/zz_generated.deepcopy.go:221.2,223.12 3 0
fr.esgi/ha-audit/api/v1beta1/zz_generated.deepcopy.go:218.15,220.3 1 0
fr.esgi/ha-audit/api/v1beta1/zz_generated.deepcopy.go:227.65,231.2 3 0
fr.esgi/ha-audit/api/v1beta1/zz_generated.deepcopy.go:234.58,235.15 1 0
fr.esgi/ha-audit/api/v1beta1/zz_generated.deepcopy.go:238.2,240.12 3 0
fr.esgi/ha-audit/api/v1beta1/zz_generated.deepcopy.go:235.15,237.3 1 0
fr.esgi/ha-audit/api/v1beta1/zz_generated.deepcopy.go:244.69,246.32 2 0
fr.esgi/ha-audit/api/v1beta1/zz_generated.deepcopy.go:246.32,250.3 3 0
fr.esgi/ha-audit/api/v1beta1/zz_generated.deepcopy.go:254.62,255.15 1 0
fr.esgi/ha-audit/api/v1beta1/zz_generated.deepcopy.go:258.2,260.12 3 0
fr.esgi/ha-audit/api/v1beta1/zz_generated.deepcopy.go:255.15,257.3 1 0
fr.esgi/ha-audit/api/v1beta1/zz_generated.deepcopy.go:264.61,266.2 1 0
fr.esgi/ha-audit/api/v1beta1/zz_generated.deepcopy.go:269.54,270.15 1 0
fr.esgi/ha-audit/api/v1beta1/zz_generated.deepcopy.go:273.2,275.12 3 0
fr.esgi/ha-audit/api/v1beta1/zz_generated.deepcopy.go:270.15,272.3 1 0
fr.esgi/ha-audit/api/v1beta1/zz_generated.deepcopy.go:279.45,282.2 2 0
fr.esgi/ha-audit/api/v1beta1/zz_generated.deepcopy.go:285.38,286.15 1 0
fr.esgi/ha-audit/api/v1beta1/zz_generated.deepcopy.go:289.2,291.12 3 0
fr.esgi/ha-audit/api/v1beta1/zz_generated.deepcopy.go:286.15,288.3 1 0
fr.esgi/ha-audit/api/v1beta1/zz_generated.deepcopy.go:295.53,297.2 1 0
fr.esgi/ha-audit/api/v1beta1/zz_generated.deepcopy.go:300.46,301.15 1 0
fr.esgi/ha-audit/api/v1beta1/zz_generated.deepcopy.go:304.2,306.12 3 0
fr.esgi/ha-audit/api/v1beta1/zz_generated.deepcopy.go:301.15,303.3 1 0
fr.esgi/ha-audit/api/v1beta1/zz_generated.deepcopy.go:310.53,312.2 1 0
fr.esgi/ha-audit/api/v1beta1/zz_generated.deepcopy.go:315.46,316.15 1 0
fr.esgi/ha-audit/api/v1beta1/zz_generated.deepcopy.go:319.2,321.12 3 0
fr.esgi/ha-audit/api/v1beta1/zz_generated.deepcopy.go:316.15,318.3 1 0
fr.esgi/ha-audit/api/v1beta1/chaosstrategy_types.go:20.35,21.31 1 0
fr.esgi/ha-audit/api/v1beta1/chaosstrategy_types.go:24.2,24.30 1 0
fr.esgi/ha-audit/api/v1beta1/chaosstrategy_types.go:21.31,23.3 1 0
fr.esgi/ha-audit/api/v1beta1/chaosstrategy_types.go:24.30,26.3 1 0
fr.esgi/ha-audit/controllers/haaudit_controller.go:61.99,65.65 4 0
fr.esgi/ha-audit/controllers/haaudit_controller.go:68.2,75.21 5 0
fr.esgi/ha-audit/controllers/haaudit_controller.go:96.2,99.49 3 0
fr.esgi/ha-audit/controllers/haaudit_controller.go:103.2,103.27 1 0
fr.esgi/ha-audit/controllers/haaudit_controller.go:65.65,67.3 1 0
fr.esgi/ha-audit/controllers/haaudit_controller.go:75.21,77.23 2 0
fr.esgi/ha-audit/controllers/haaudit_controller.go:77.23,79.43 1 0
fr.esgi/ha-audit/controllers/haaudit_controller.go:83.4,84.50 2 0
fr.esgi/ha-audit/controllers/haaudit_controller.go:79.43,81.5 1 0
fr.esgi/ha-audit/controllers/haaudit_controller.go:84.50,86.5 1 0
fr.esgi/ha-audit/controllers/haaudit_controller.go:88.8,89.24 1 0
fr.esgi/ha-audit/controllers/haaudit_controller.go:89.24,91.50 2 0
fr.esgi/ha-audit/controllers/haaudit_controller.go:91.50,93.5 1 0
fr.esgi/ha-audit/controllers/haaudit_controller.go:99.49,101.3 1 0
fr.esgi/ha-audit/controllers/haaudit_controller.go:107.70,111.2 1 0
